{"C:\\Users\\User\\Desktop\\Projekty\\Digital Twin\\Backend\\src\\server.ts": {"path":"C:\\Users\\User\\Desktop\\Projekty\\Digital Twin\\Backend\\src\\server.ts","all":false,"statementMap":{"0":{"start":{"line":1,"column":0},"end":{"line":1,"column":30}},"1":{"start":{"line":2,"column":0},"end":{"line":2,"column":28}},"2":{"start":{"line":3,"column":0},"end":{"line":3,"column":24}},"3":{"start":{"line":4,"column":0},"end":{"line":4,"column":36}},"4":{"start":{"line":5,"column":0},"end":{"line":5,"column":0}},"5":{"start":{"line":6,"column":0},"end":{"line":6,"column":16}},"6":{"start":{"line":7,"column":0},"end":{"line":7,"column":0}},"7":{"start":{"line":8,"column":0},"end":{"line":8,"column":50}},"8":{"start":{"line":9,"column":0},"end":{"line":9,"column":22}},"9":{"start":{"line":10,"column":0},"end":{"line":10,"column":0}},"10":{"start":{"line":11,"column":0},"end":{"line":11,"column":16}},"11":{"start":{"line":12,"column":0},"end":{"line":12,"column":24}},"12":{"start":{"line":13,"column":0},"end":{"line":13,"column":0}},"13":{"start":{"line":14,"column":0},"end":{"line":14,"column":28}},"14":{"start":{"line":15,"column":0},"end":{"line":15,"column":21}},"15":{"start":{"line":16,"column":0},"end":{"line":16,"column":3}},"16":{"start":{"line":17,"column":0},"end":{"line":17,"column":0}},"17":{"start":{"line":18,"column":0},"end":{"line":18,"column":0}},"18":{"start":{"line":19,"column":0},"end":{"line":19,"column":29}},"19":{"start":{"line":20,"column":0},"end":{"line":20,"column":19}},"20":{"start":{"line":21,"column":0},"end":{"line":21,"column":0}},"21":{"start":{"line":22,"column":0},"end":{"line":22,"column":29}},"22":{"start":{"line":23,"column":0},"end":{"line":23,"column":33}},"23":{"start":{"line":24,"column":0},"end":{"line":24,"column":7}},"24":{"start":{"line":25,"column":0},"end":{"line":25,"column":50}},"25":{"start":{"line":26,"column":0},"end":{"line":26,"column":0}},"26":{"start":{"line":27,"column":0},"end":{"line":27,"column":28}},"27":{"start":{"line":28,"column":0},"end":{"line":28,"column":115}},"28":{"start":{"line":29,"column":0},"end":{"line":29,"column":7}},"29":{"start":{"line":30,"column":0},"end":{"line":30,"column":19}},"30":{"start":{"line":31,"column":0},"end":{"line":31,"column":125}},"31":{"start":{"line":32,"column":0},"end":{"line":32,"column":82}},"32":{"start":{"line":33,"column":0},"end":{"line":33,"column":60}},"33":{"start":{"line":34,"column":0},"end":{"line":34,"column":3}},"34":{"start":{"line":35,"column":0},"end":{"line":35,"column":2}},"35":{"start":{"line":36,"column":0},"end":{"line":36,"column":0}},"36":{"start":{"line":37,"column":0},"end":{"line":37,"column":0}},"37":{"start":{"line":38,"column":0},"end":{"line":38,"column":0}},"38":{"start":{"line":39,"column":0},"end":{"line":39,"column":30}},"39":{"start":{"line":40,"column":0},"end":{"line":40,"column":16}},"40":{"start":{"line":41,"column":0},"end":{"line":41,"column":1}},"41":{"start":{"line":42,"column":0},"end":{"line":42,"column":0}},"42":{"start":{"line":43,"column":0},"end":{"line":43,"column":0}},"43":{"start":{"line":44,"column":0},"end":{"line":44,"column":0}},"44":{"start":{"line":45,"column":0},"end":{"line":45,"column":0}},"45":{"start":{"line":46,"column":0},"end":{"line":46,"column":0}},"46":{"start":{"line":47,"column":0},"end":{"line":47,"column":0}},"47":{"start":{"line":48,"column":0},"end":{"line":48,"column":41123}}},"s":{"0":1,"1":1,"2":1,"3":1,"4":1,"5":1,"6":1,"7":1,"8":1,"9":1,"10":1,"11":1,"12":1,"13":1,"14":1,"15":1,"16":1,"17":1,"18":1,"19":1,"20":1,"21":1,"22":1,"23":0,"24":0,"25":0,"26":0,"27":0,"28":0,"29":0,"30":0,"31":0,"32":0,"33":0,"34":0,"35":1,"36":1,"37":1,"38":1,"39":0,"40":0,"41":1,"42":1,"43":1,"44":1,"45":1,"46":1,"47":1},"branchMap":{"0":{"type":"branch","line":8,"loc":{"start":{"line":8,"column":38},"end":{"line":8,"column":48}},"locations":[{"start":{"line":8,"column":38},"end":{"line":8,"column":48}}]},"1":{"type":"branch","line":39,"loc":{"start":{"line":39,"column":29},"end":{"line":41,"column":1}},"locations":[{"start":{"line":39,"column":29},"end":{"line":41,"column":1}}]},"2":{"type":"branch","line":14,"loc":{"start":{"line":14,"column":13},"end":{"line":16,"column":2}},"locations":[{"start":{"line":14,"column":13},"end":{"line":16,"column":2}}]}},"b":{"0":[0],"1":[0],"2":[1]},"fnMap":{"0":{"name":"startServer","decl":{"start":{"line":23,"column":20},"end":{"line":35,"column":2}},"loc":{"start":{"line":23,"column":20},"end":{"line":35,"column":2}},"line":23},"1":{"name":"oo_cm","decl":{"start":{"line":48,"column":68},"end":{"line":48,"column":40219}},"loc":{"start":{"line":48,"column":68},"end":{"line":48,"column":40219}},"line":48},"2":{"name":"oo_oo","decl":{"start":{"line":48,"column":40246},"end":{"line":48,"column":40332}},"loc":{"start":{"line":48,"column":40246},"end":{"line":48,"column":40332}},"line":48},"3":{"name":"oo_tr","decl":{"start":{"line":48,"column":40365},"end":{"line":48,"column":40453}},"loc":{"start":{"line":48,"column":40365},"end":{"line":48,"column":40453}},"line":48},"4":{"name":"oo_tx","decl":{"start":{"line":48,"column":40486},"end":{"line":48,"column":40574}},"loc":{"start":{"line":48,"column":40486},"end":{"line":48,"column":40574}},"line":48},"5":{"name":"oo_ts","decl":{"start":{"line":48,"column":40607},"end":{"line":48,"column":40699}},"loc":{"start":{"line":48,"column":40607},"end":{"line":48,"column":40699}},"line":48},"6":{"name":"oo_te","decl":{"start":{"line":48,"column":40732},"end":{"line":48,"column":40849}},"loc":{"start":{"line":48,"column":40732},"end":{"line":48,"column":40849}},"line":48}},"f":{"0":0,"1":1,"2":1,"3":1,"4":1,"5":1,"6":1}}
,"C:\\Users\\User\\Desktop\\Projekty\\Digital Twin\\Backend\\src\\config\\db.ts": {"path":"C:\\Users\\User\\Desktop\\Projekty\\Digital Twin\\Backend\\src\\config\\db.ts","all":false,"statementMap":{"0":{"start":{"line":1,"column":0},"end":{"line":1,"column":32}},"1":{"start":{"line":2,"column":0},"end":{"line":2,"column":28}},"2":{"start":{"line":3,"column":0},"end":{"line":3,"column":0}},"3":{"start":{"line":4,"column":0},"end":{"line":4,"column":18}},"4":{"start":{"line":5,"column":0},"end":{"line":5,"column":0}},"5":{"start":{"line":6,"column":0},"end":{"line":6,"column":75}},"6":{"start":{"line":7,"column":0},"end":{"line":7,"column":0}},"7":{"start":{"line":8,"column":0},"end":{"line":8,"column":31}},"8":{"start":{"line":9,"column":0},"end":{"line":9,"column":9}},"9":{"start":{"line":10,"column":0},"end":{"line":10,"column":42}},"10":{"start":{"line":11,"column":0},"end":{"line":11,"column":35}},"11":{"start":{"line":12,"column":0},"end":{"line":12,"column":43}},"12":{"start":{"line":13,"column":0},"end":{"line":13,"column":11}},"13":{"start":{"line":14,"column":0},"end":{"line":14,"column":102}},"14":{"start":{"line":15,"column":0},"end":{"line":15,"column":21}},"15":{"start":{"line":16,"column":0},"end":{"line":16,"column":78}},"16":{"start":{"line":17,"column":0},"end":{"line":17,"column":27}},"17":{"start":{"line":18,"column":0},"end":{"line":18,"column":56}},"18":{"start":{"line":19,"column":0},"end":{"line":19,"column":18}},"19":{"start":{"line":20,"column":0},"end":{"line":20,"column":12}},"20":{"start":{"line":21,"column":0},"end":{"line":21,"column":26}},"21":{"start":{"line":22,"column":0},"end":{"line":22,"column":5}},"22":{"start":{"line":23,"column":0},"end":{"line":23,"column":2}},"23":{"start":{"line":24,"column":0},"end":{"line":24,"column":0}},"24":{"start":{"line":25,"column":0},"end":{"line":25,"column":25}},"25":{"start":{"line":26,"column":0},"end":{"line":26,"column":0}},"26":{"start":{"line":27,"column":0},"end":{"line":27,"column":0}},"27":{"start":{"line":28,"column":0},"end":{"line":28,"column":0}},"28":{"start":{"line":29,"column":0},"end":{"line":29,"column":0}},"29":{"start":{"line":30,"column":0},"end":{"line":30,"column":0}},"30":{"start":{"line":31,"column":0},"end":{"line":31,"column":0}},"31":{"start":{"line":32,"column":0},"end":{"line":32,"column":41123}}},"s":{"0":1,"1":1,"2":1,"3":1,"4":1,"5":1,"6":1,"7":1,"8":0,"9":0,"10":0,"11":0,"12":0,"13":0,"14":0,"15":0,"16":0,"17":0,"18":0,"19":0,"20":0,"21":0,"22":0,"23":1,"24":1,"25":1,"26":1,"27":1,"28":1,"29":1,"30":1,"31":1},"branchMap":{"0":{"type":"branch","line":6,"loc":{"start":{"line":6,"column":38},"end":{"line":6,"column":74}},"locations":[{"start":{"line":6,"column":38},"end":{"line":6,"column":74}}]}},"b":{"0":[0]},"fnMap":{"0":{"name":"connectDB","decl":{"start":{"line":8,"column":18},"end":{"line":23,"column":2}},"loc":{"start":{"line":8,"column":18},"end":{"line":23,"column":2}},"line":8},"1":{"name":"oo_cm","decl":{"start":{"line":32,"column":68},"end":{"line":32,"column":40219}},"loc":{"start":{"line":32,"column":68},"end":{"line":32,"column":40219}},"line":32},"2":{"name":"oo_oo","decl":{"start":{"line":32,"column":40246},"end":{"line":32,"column":40332}},"loc":{"start":{"line":32,"column":40246},"end":{"line":32,"column":40332}},"line":32},"3":{"name":"oo_tr","decl":{"start":{"line":32,"column":40365},"end":{"line":32,"column":40453}},"loc":{"start":{"line":32,"column":40365},"end":{"line":32,"column":40453}},"line":32},"4":{"name":"oo_tx","decl":{"start":{"line":32,"column":40486},"end":{"line":32,"column":40574}},"loc":{"start":{"line":32,"column":40486},"end":{"line":32,"column":40574}},"line":32},"5":{"name":"oo_ts","decl":{"start":{"line":32,"column":40607},"end":{"line":32,"column":40699}},"loc":{"start":{"line":32,"column":40607},"end":{"line":32,"column":40699}},"line":32},"6":{"name":"oo_te","decl":{"start":{"line":32,"column":40732},"end":{"line":32,"column":40849}},"loc":{"start":{"line":32,"column":40732},"end":{"line":32,"column":40849}},"line":32}},"f":{"0":0,"1":1,"2":1,"3":1,"4":1,"5":1,"6":1}}
}
