TN:
SF:src\server.ts
FN:23,startServer
FN:48,oo_cm
FN:48,oo_oo
FN:48,oo_tr
FN:48,oo_tx
FN:48,oo_ts
FN:48,oo_te
FNF:7
FNH:6
FNDA:0,startServer
FNDA:1,oo_cm
FNDA:1,oo_oo
FNDA:1,oo_tr
FNDA:1,oo_tx
FNDA:1,oo_ts
FNDA:1,oo_te
DA:1,1
DA:2,1
DA:3,1
DA:4,1
DA:5,1
DA:6,1
DA:7,1
DA:8,1
DA:9,1
DA:10,1
DA:11,1
DA:12,1
DA:13,1
DA:14,1
DA:15,1
DA:16,1
DA:17,1
DA:18,1
DA:19,1
DA:20,1
DA:21,1
DA:22,1
DA:23,1
DA:24,0
DA:25,0
DA:26,0
DA:27,0
DA:28,0
DA:29,0
DA:30,0
DA:31,0
DA:32,0
DA:33,0
DA:34,0
DA:35,0
DA:36,1
DA:37,1
DA:38,1
DA:39,1
DA:40,0
DA:41,0
DA:42,1
DA:43,1
DA:44,1
DA:45,1
DA:46,1
DA:47,1
DA:48,1
LF:48
LH:34
BRDA:8,0,0,0
BRDA:39,1,0,0
BRDA:14,2,0,1
BRF:3
BRH:1
end_of_record
TN:
SF:src\config\db.ts
FN:8,connectDB
FN:32,oo_cm
FN:32,oo_oo
FN:32,oo_tr
FN:32,oo_tx
FN:32,oo_ts
FN:32,oo_te
FNF:7
FNH:6
FNDA:0,connectDB
FNDA:1,oo_cm
FNDA:1,oo_oo
FNDA:1,oo_tr
FNDA:1,oo_tx
FNDA:1,oo_ts
FNDA:1,oo_te
DA:1,1
DA:2,1
DA:3,1
DA:4,1
DA:5,1
DA:6,1
DA:7,1
DA:8,1
DA:9,0
DA:10,0
DA:11,0
DA:12,0
DA:13,0
DA:14,0
DA:15,0
DA:16,0
DA:17,0
DA:18,0
DA:19,0
DA:20,0
DA:21,0
DA:22,0
DA:23,0
DA:24,1
DA:25,1
DA:26,1
DA:27,1
DA:28,1
DA:29,1
DA:30,1
DA:31,1
DA:32,1
LF:32
LH:17
BRDA:6,0,0,0
BRF:1
BRH:0
end_of_record
